2020-09-02 17:58:46.553  INFO 11776 --- [main] a.b.notificator.NotificatorApplication   : Starting NotificatorApplication on DESKTOP-JTOO4KJ with PID 11776 (C:\Users\Arpushik\IdeaProjects\basic\notificator\target\classes started by Arpushik in C:\Users\Arpushik\IdeaProjects\basic\notificator)
2020-09-02 17:58:46.557  INFO 11776 --- [main] a.b.notificator.NotificatorApplication   : No active profile set, falling back to default profiles: default
2020-09-02 17:58:47.346  INFO 11776 --- [main] .s.d.r.c.RepositoryConfigurationDelegate : Bootstrapping Spring Data JPA repositories in DEFERRED mode.
2020-09-02 17:58:47.426  INFO 11776 --- [main] .s.d.r.c.RepositoryConfigurationDelegate : Finished Spring Data repository scanning in 71ms. Found 3 JPA repository interfaces.
2020-09-02 17:58:47.702  INFO 11776 --- [main] trationDelegate$BeanPostProcessorChecker : Bean 'org.springframework.security.access.expression.method.DefaultMethodSecurityExpressionHandler@377c68c6' of type [org.springframework.security.access.expression.method.DefaultMethodSecurityExpressionHandler] is not eligible for getting processed by all BeanPostProcessors (for example: not eligible for auto-proxying)
2020-09-02 17:58:47.706  INFO 11776 --- [main] trationDelegate$BeanPostProcessorChecker : Bean 'methodSecurityMetadataSource' of type [org.springframework.security.access.method.DelegatingMethodSecurityMetadataSource] is not eligible for getting processed by all BeanPostProcessors (for example: not eligible for auto-proxying)
2020-09-02 17:58:47.898  INFO 11776 --- [main] o.s.b.w.embedded.tomcat.TomcatWebServer  : Tomcat initialized with port(s): 8080 (http)
2020-09-02 17:58:47.906  INFO 11776 --- [main] o.apache.catalina.core.StandardService   : Starting service [Tomcat]
2020-09-02 17:58:47.906  INFO 11776 --- [main] org.apache.catalina.core.StandardEngine  : Starting Servlet engine: [Apache Tomcat/9.0.37]
2020-09-02 17:58:48.031  INFO 11776 --- [main] o.a.c.c.C.[Tomcat].[localhost].[/]       : Initializing Spring embedded WebApplicationContext
2020-09-02 17:58:48.031  INFO 11776 --- [main] w.s.c.ServletWebServerApplicationContext : Root WebApplicationContext: initialization completed in 1402 ms
2020-09-02 17:58:48.211  INFO 11776 --- [main] o.hibernate.jpa.internal.util.LogHelper  : HHH000204: Processing PersistenceUnitInfo [name: default]
2020-09-02 17:58:48.247  INFO 11776 --- [main] org.hibernate.Version                    : HHH000412: Hibernate ORM core version 5.4.20.Final
2020-09-02 17:58:48.347  INFO 11776 --- [main] o.hibernate.annotations.common.Version   : HCANN000001: Hibernate Commons Annotations {5.1.0.Final}
2020-09-02 17:58:48.435  INFO 11776 --- [main] com.zaxxer.hikari.HikariDataSource       : HikariPool-1 - Starting...
2020-09-02 17:58:48.593  INFO 11776 --- [main] com.zaxxer.hikari.HikariDataSource       : HikariPool-1 - Start completed.
2020-09-02 17:58:48.605  INFO 11776 --- [main] org.hibernate.dialect.Dialect            : HHH000400: Using dialect: org.hibernate.dialect.MySQL57Dialect
2020-09-02 17:58:49.357  INFO 11776 --- [main] o.h.e.t.j.p.i.JtaPlatformInitiator       : HHH000490: Using JtaPlatform implementation: [org.hibernate.engine.transaction.jta.platform.internal.NoJtaPlatform]
2020-09-02 17:58:49.361  INFO 11776 --- [main] j.LocalContainerEntityManagerFactoryBean : Initialized JPA EntityManagerFactory for persistence unit 'default'
2020-09-02 17:58:49.405  WARN 11776 --- [main] JpaBaseConfiguration$JpaWebConfiguration : spring.jpa.open-in-view is enabled by default. Therefore, database queries may be performed during view rendering. Explicitly configure spring.jpa.open-in-view to disable this warning
2020-09-02 17:58:49.745  INFO 11776 --- [main] o.s.s.web.DefaultSecurityFilterChain     : Creating filter chain: Ant [pattern='/api/**'], [org.springframework.security.web.context.request.async.WebAsyncManagerIntegrationFilter@54489296, org.springframework.security.web.context.SecurityContextPersistenceFilter@159ac15f, org.springframework.security.web.header.HeaderWriterFilter@6818fd48, org.springframework.security.web.authentication.logout.LogoutFilter@4e17442f, org.springframework.security.oauth2.provider.authentication.OAuth2AuthenticationProcessingFilter@2a04ab05, org.springframework.security.web.savedrequest.RequestCacheAwareFilter@7af1d072, org.springframework.security.web.servletapi.SecurityContextHolderAwareRequestFilter@59b492ec, org.springframework.security.web.authentication.AnonymousAuthenticationFilter@4e8598d9, org.springframework.security.web.session.SessionManagementFilter@799f354a, org.springframework.security.web.access.ExceptionTranslationFilter@15369d73, org.springframework.security.web.access.intercept.FilterSecurityInterceptor@37d699a1]
2020-09-02 17:58:49.753  INFO 11776 --- [main] o.s.s.web.DefaultSecurityFilterChain     : Creating filter chain: Ant [pattern='/interconnect/**'], [org.springframework.security.web.context.request.async.WebAsyncManagerIntegrationFilter@13e00016, org.springframework.security.web.context.SecurityContextPersistenceFilter@a21c74, org.springframework.security.web.header.HeaderWriterFilter@21dea711, org.springframework.security.web.authentication.logout.LogoutFilter@6cdbe5ec, org.springframework.security.web.authentication.www.BasicAuthenticationFilter@2b44605c, org.springframework.security.web.savedrequest.RequestCacheAwareFilter@b8a144e, org.springframework.security.web.servletapi.SecurityContextHolderAwareRequestFilter@5fb8dc01, org.springframework.security.web.authentication.AnonymousAuthenticationFilter@7b3cbe6e, org.springframework.security.web.session.SessionManagementFilter@7772d266, org.springframework.security.web.access.ExceptionTranslationFilter@733f1395, org.springframework.security.web.access.intercept.FilterSecurityInterceptor@611c3eae]
2020-09-02 17:58:49.765  INFO 11776 --- [main] o.s.s.concurrent.ThreadPoolTaskExecutor  : Initializing ExecutorService 'notificationSenderExecutors'
2020-09-02 17:58:49.765  INFO 11776 --- [main] o.s.s.concurrent.ThreadPoolTaskExecutor  : Initializing ExecutorService 'scheduleExecutor'
2020-09-02 17:58:50.081  INFO 11776 --- [main] o.s.b.w.embedded.tomcat.TomcatWebServer  : Tomcat started on port(s): 8080 (http) with context path ''
2020-09-02 17:58:50.085  INFO 11776 --- [main] DeferredRepositoryInitializationListener : Triggering deferred initialization of Spring Data repositories…
2020-09-02 17:58:50.438  INFO 11776 --- [main] DeferredRepositoryInitializationListener : Spring Data repositories initialized!
2020-09-02 17:58:50.446  INFO 11776 --- [main] a.b.notificator.NotificatorApplication   : Started NotificatorApplication in 4.535 seconds (JVM running for 6.045)
2020-09-02 18:00:15.052  INFO 11776 --- [http-nio-8080-exec-2] o.a.c.c.C.[Tomcat].[localhost].[/]       : Initializing Spring DispatcherServlet 'dispatcherServlet'
2020-09-02 18:00:15.052  INFO 11776 --- [http-nio-8080-exec-2] o.s.web.servlet.DispatcherServlet        : Initializing Servlet 'dispatcherServlet'
2020-09-02 18:00:15.064  INFO 11776 --- [http-nio-8080-exec-2] o.s.web.servlet.DispatcherServlet        : Completed initialization in 12 ms
